D:\CODES\QT\VC_DATAMINING\DEBUG\VC_DATAMINING.EXE
D:\CODES\QT\VC_DATAMINING\DEBUG\VC_DATAMINING.EXE.MANIFEST
D:\CODES\QT\VC_DATAMINING\DEBUG\VC_DATAMINING.ILK
D:\CODES\QT\VC_DATAMINING\DEBUG\VC_DATAMINING.PDB
D:\codes\qt\vc_dataMining\vc_dataMining\Debug\cl.command.1.tlog
D:\codes\qt\vc_dataMining\vc_dataMining\Debug\CL.read.1.tlog
D:\codes\qt\vc_dataMining\vc_dataMining\Debug\CL.write.1.tlog
D:\codes\qt\vc_dataMining\vc_dataMining\Debug\link.4752.read.1.tlog
D:\codes\qt\vc_dataMining\vc_dataMining\Debug\link.4752.write.1.tlog
D:\codes\qt\vc_dataMining\vc_dataMining\Debug\link.9308.read.1.tlog
D:\codes\qt\vc_dataMining\vc_dataMining\Debug\link.9308.write.1.tlog
D:\codes\qt\vc_dataMining\vc_dataMining\Debug\link.command.1.tlog
D:\codes\qt\vc_dataMining\vc_dataMining\Debug\link.read.1.tlog
D:\codes\qt\vc_dataMining\vc_dataMining\Debug\link.write.1.tlog
D:\codes\qt\vc_dataMining\vc_dataMining\Debug\mt.command.1.tlog
D:\codes\qt\vc_dataMining\vc_dataMining\Debug\mt.read.1.tlog
D:\codes\qt\vc_dataMining\vc_dataMining\Debug\mt.write.1.tlog
D:\CODES\QT\VC_DATAMINING\VC_DATAMINING\DEBUG\STDAFX.OBJ
D:\CODES\QT\VC_DATAMINING\VC_DATAMINING\DEBUG\VC_DATAMINING.EXE.INTERMEDIATE.MANIFEST
D:\CODES\QT\VC_DATAMINING\VC_DATAMINING\DEBUG\VC_DATAMINING.OBJ
D:\CODES\QT\VC_DATAMINING\VC_DATAMINING\DEBUG\VC_DATAMINING.PCH
D:\codes\qt\vc_dataMining\vc_dataMining\Debug\vc_dataMining.vcxprojResolveAssemblyReference.cache
D:\codes\qt\vc_dataMining\vc_dataMining\Debug\vc_dataMining.write.1.tlog
D:\codes\qt\vc_dataMining\vc_dataMining\Debug\vc100.idb
D:\CODES\QT\VC_DATAMINING\VC_DATAMINING\DEBUG\VC100.PDB
