生成启动时间为 2015/6/3 星期三 下午 11:40:39。
     1>项目“D:\codes\qt\vc_dataMining\vc_dataMining\vc_dataMining.vcxproj”在节点 2 上(build 个目标)。
     1>InitializeBuildStatus:
         正在创建“Debug\vc_dataMining.unsuccessfulbuild”，因为已指定“AlwaysCreate”。
       ClCompile:
         所有输出均为最新。
         D:\Program Files (x86)\Microsoft Visual Studio 10.0\VC\bin\CL.exe /c /ZI /nologo /W3 /WX- /Od /Oy- /D WIN32 /D _DEBUG /D _CONSOLE /D _UNICODE /D UNICODE /Gm /EHsc /RTC1 /MDd /GS /fp:precise /Zc:wchar_t /Zc:forScope /Yu"StdAfx.h" /Fp"Debug\vc_dataMining.pch" /Fo"Debug\\" /Fd"Debug\vc100.pdb" /Gd /TP /analyze- /errorReport:prompt vc_dataMining.cpp
         vc_dataMining.cpp
     1>d:\codes\qt\vc_datamining\vc_datamining\vc_datamining.cpp(55): warning C4244: “return”: 从“double”转换到“int”，可能丢失数据
       Link:
         D:\Program Files (x86)\Microsoft Visual Studio 10.0\VC\bin\link.exe /ERRORREPORT:PROMPT /OUT:"D:\codes\qt\vc_dataMining\Debug\vc_dataMining.exe" /INCREMENTAL /NOLOGO kernel32.lib user32.lib gdi32.lib winspool.lib comdlg32.lib advapi32.lib shell32.lib ole32.lib oleaut32.lib uuid.lib odbc32.lib odbccp32.lib /MANIFEST /ManifestFile:"Debug\vc_dataMining.exe.intermediate.manifest" /MANIFESTUAC:"level='asInvoker' uiAccess='false'" /DEBUG /PDB:"D:\codes\qt\vc_dataMining\Debug\vc_dataMining.pdb" /SUBSYSTEM:CONSOLE /TLBID:1 /DYNAMICBASE /NXCOMPAT /IMPLIB:"D:\codes\qt\vc_dataMining\Debug\vc_dataMining.lib" /MACHINE:X86 Debug\stdafx.obj
         Debug\vc_dataMining.obj
         vc_dataMining.vcxproj -> D:\codes\qt\vc_dataMining\Debug\vc_dataMining.exe
       Manifest:
         C:\Program Files (x86)\Microsoft SDKs\Windows\v7.0A\bin\mt.exe /nologo /verbose /out:"D:\codes\qt\vc_dataMining\Debug\vc_dataMining.exe.manifest" /manifest Debug\vc_dataMining.exe.intermediate.manifest
       FinalizeBuildStatus:
         正在删除文件“Debug\vc_dataMining.unsuccessfulbuild”。
         正在对“Debug\vc_dataMining.lastbuildstate”执行 Touch 任务。
     1>已完成生成项目“D:\codes\qt\vc_dataMining\vc_dataMining\vc_dataMining.vcxproj”(build 个目标)的操作。

生成成功。

已用时间 00:00:01.27
